{"/Users/timothee/Documents/CODE/COURS/wizzard-battle-iim/front/src/core/base/AsyncActionBase.ts": {"path":"/Users/timothee/Documents/CODE/COURS/wizzard-battle-iim/front/src/core/base/AsyncActionBase.ts","all":false,"statementMap":{"0":{"start":{"line":1,"column":0},"end":{"line":1,"column":53}},"1":{"start":{"line":2,"column":0},"end":{"line":2,"column":37}},"2":{"start":{"line":3,"column":0},"end":{"line":3,"column":0}},"3":{"start":{"line":4,"column":0},"end":{"line":4,"column":61}},"4":{"start":{"line":5,"column":0},"end":{"line":5,"column":10}},"5":{"start":{"line":6,"column":0},"end":{"line":6,"column":26}},"6":{"start":{"line":7,"column":0},"end":{"line":7,"column":0}},"7":{"start":{"line":8,"column":0},"end":{"line":8,"column":36}},"8":{"start":{"line":9,"column":0},"end":{"line":9,"column":36}},"9":{"start":{"line":10,"column":0},"end":{"line":10,"column":27}},"10":{"start":{"line":11,"column":0},"end":{"line":11,"column":5}},"11":{"start":{"line":12,"column":0},"end":{"line":12,"column":0}},"12":{"start":{"line":13,"column":0},"end":{"line":13,"column":0}},"13":{"start":{"line":14,"column":0},"end":{"line":14,"column":92}},"14":{"start":{"line":15,"column":0},"end":{"line":15,"column":38}},"15":{"start":{"line":16,"column":0},"end":{"line":16,"column":5}},"16":{"start":{"line":17,"column":0},"end":{"line":17,"column":0}},"17":{"start":{"line":18,"column":0},"end":{"line":18,"column":16}},"18":{"start":{"line":19,"column":0},"end":{"line":19,"column":30}},"19":{"start":{"line":20,"column":0},"end":{"line":20,"column":5}},"20":{"start":{"line":21,"column":0},"end":{"line":21,"column":1}}},"s":{"0":1,"1":1,"2":1,"3":1,"4":1,"5":6,"6":1,"7":1,"8":6,"9":6,"10":6,"11":1,"12":1,"13":1,"14":0,"15":0,"16":1,"17":1,"18":3,"19":3,"20":2},"branchMap":{"0":{"type":"branch","line":5,"loc":{"start":{"line":5,"column":4},"end":{"line":6,"column":26}},"locations":[{"start":{"line":5,"column":4},"end":{"line":6,"column":26}}]},"1":{"type":"branch","line":8,"loc":{"start":{"line":8,"column":4},"end":{"line":11,"column":5}},"locations":[{"start":{"line":8,"column":4},"end":{"line":11,"column":5}}]},"2":{"type":"branch","line":18,"loc":{"start":{"line":18,"column":4},"end":{"line":20,"column":5}},"locations":[{"start":{"line":18,"column":4},"end":{"line":20,"column":5}}]},"3":{"type":"branch","line":21,"loc":{"start":{"line":21,"column":0},"end":{"line":21,"column":1}},"locations":[{"start":{"line":21,"column":0},"end":{"line":21,"column":1}}]}},"b":{"0":[6],"1":[6],"2":[3],"3":[2]},"fnMap":{"0":{"name":"<instance_members_initializer>","decl":{"start":{"line":5,"column":4},"end":{"line":6,"column":26}},"loc":{"start":{"line":5,"column":4},"end":{"line":6,"column":26}},"line":5},"1":{"name":"AsyncActionBase","decl":{"start":{"line":8,"column":4},"end":{"line":11,"column":5}},"loc":{"start":{"line":8,"column":4},"end":{"line":11,"column":5}},"line":8},"2":{"name":"action","decl":{"start":{"line":14,"column":4},"end":{"line":16,"column":5}},"loc":{"start":{"line":14,"column":4},"end":{"line":16,"column":5}},"line":14},"3":{"name":"passTurn","decl":{"start":{"line":18,"column":4},"end":{"line":20,"column":5}},"loc":{"start":{"line":18,"column":4},"end":{"line":20,"column":5}},"line":18},"4":{"name":"get","decl":{"start":{"line":21,"column":0},"end":{"line":21,"column":1}},"loc":{"start":{"line":21,"column":0},"end":{"line":21,"column":1}},"line":21}},"f":{"0":6,"1":6,"2":0,"3":3,"4":2}}
,"/Users/timothee/Documents/CODE/COURS/wizzard-battle-iim/front/src/core/base/AttackCard.ts": {"path":"/Users/timothee/Documents/CODE/COURS/wizzard-battle-iim/front/src/core/base/AttackCard.ts","all":false,"statementMap":{"0":{"start":{"line":1,"column":0},"end":{"line":1,"column":46}},"1":{"start":{"line":2,"column":0},"end":{"line":2,"column":44}},"2":{"start":{"line":3,"column":0},"end":{"line":3,"column":0}},"3":{"start":{"line":4,"column":0},"end":{"line":4,"column":42}},"4":{"start":{"line":5,"column":0},"end":{"line":5,"column":36}},"5":{"start":{"line":6,"column":0},"end":{"line":6,"column":0}},"6":{"start":{"line":7,"column":0},"end":{"line":7,"column":58}},"7":{"start":{"line":8,"column":0},"end":{"line":8,"column":26}},"8":{"start":{"line":9,"column":0},"end":{"line":9,"column":29}},"9":{"start":{"line":10,"column":0},"end":{"line":10,"column":5}},"10":{"start":{"line":11,"column":0},"end":{"line":11,"column":0}},"11":{"start":{"line":12,"column":0},"end":{"line":12,"column":69}},"12":{"start":{"line":13,"column":0},"end":{"line":13,"column":41}},"13":{"start":{"line":14,"column":0},"end":{"line":14,"column":20}},"14":{"start":{"line":15,"column":0},"end":{"line":15,"column":5}},"15":{"start":{"line":16,"column":0},"end":{"line":16,"column":1}}},"s":{"0":1,"1":1,"2":1,"3":1,"4":1,"5":1,"6":1,"7":1,"8":1,"9":1,"10":1,"11":1,"12":1,"13":1,"14":1,"15":1},"branchMap":{"0":{"type":"branch","line":5,"loc":{"start":{"line":5,"column":21},"end":{"line":5,"column":36}},"locations":[{"start":{"line":5,"column":21},"end":{"line":5,"column":36}}]},"1":{"type":"branch","line":7,"loc":{"start":{"line":7,"column":4},"end":{"line":10,"column":5}},"locations":[{"start":{"line":7,"column":4},"end":{"line":10,"column":5}}]},"2":{"type":"branch","line":12,"loc":{"start":{"line":12,"column":4},"end":{"line":15,"column":5}},"locations":[{"start":{"line":12,"column":4},"end":{"line":15,"column":5}}]},"3":{"type":"branch","line":16,"loc":{"start":{"line":16,"column":0},"end":{"line":16,"column":1}},"locations":[{"start":{"line":16,"column":0},"end":{"line":16,"column":1}}]}},"b":{"0":[1],"1":[1],"2":[1],"3":[1]},"fnMap":{"0":{"name":"<instance_members_initializer>","decl":{"start":{"line":5,"column":21},"end":{"line":5,"column":36}},"loc":{"start":{"line":5,"column":21},"end":{"line":5,"column":36}},"line":5},"1":{"name":"AttackCard","decl":{"start":{"line":7,"column":4},"end":{"line":10,"column":5}},"loc":{"start":{"line":7,"column":4},"end":{"line":10,"column":5}},"line":7},"2":{"name":"action","decl":{"start":{"line":12,"column":4},"end":{"line":15,"column":5}},"loc":{"start":{"line":12,"column":4},"end":{"line":15,"column":5}},"line":12},"3":{"name":"get","decl":{"start":{"line":16,"column":0},"end":{"line":16,"column":1}},"loc":{"start":{"line":16,"column":0},"end":{"line":16,"column":1}},"line":16}},"f":{"0":1,"1":1,"2":1,"3":1}}
,"/Users/timothee/Documents/CODE/COURS/wizzard-battle-iim/front/src/core/base/BaseCard.ts": {"path":"/Users/timothee/Documents/CODE/COURS/wizzard-battle-iim/front/src/core/base/BaseCard.ts","all":false,"statementMap":{"0":{"start":{"line":1,"column":0},"end":{"line":1,"column":48}},"1":{"start":{"line":2,"column":0},"end":{"line":2,"column":44}},"2":{"start":{"line":3,"column":0},"end":{"line":3,"column":0}},"3":{"start":{"line":4,"column":0},"end":{"line":4,"column":47}},"4":{"start":{"line":5,"column":0},"end":{"line":5,"column":16}},"5":{"start":{"line":6,"column":0},"end":{"line":6,"column":18}},"6":{"start":{"line":7,"column":0},"end":{"line":7,"column":21}},"7":{"start":{"line":8,"column":0},"end":{"line":8,"column":25}},"8":{"start":{"line":9,"column":0},"end":{"line":9,"column":19}},"9":{"start":{"line":10,"column":0},"end":{"line":10,"column":19}},"10":{"start":{"line":11,"column":0},"end":{"line":11,"column":0}},"11":{"start":{"line":12,"column":0},"end":{"line":12,"column":0}},"12":{"start":{"line":13,"column":0},"end":{"line":13,"column":43}},"13":{"start":{"line":14,"column":0},"end":{"line":14,"column":23}},"14":{"start":{"line":15,"column":0},"end":{"line":15,"column":27}},"15":{"start":{"line":16,"column":0},"end":{"line":16,"column":5}},"16":{"start":{"line":17,"column":0},"end":{"line":17,"column":0}},"17":{"start":{"line":18,"column":0},"end":{"line":18,"column":83}},"18":{"start":{"line":19,"column":0},"end":{"line":19,"column":49}},"19":{"start":{"line":20,"column":0},"end":{"line":20,"column":5}},"20":{"start":{"line":21,"column":0},"end":{"line":21,"column":0}},"21":{"start":{"line":22,"column":0},"end":{"line":22,"column":1}}},"s":{"0":1,"1":1,"2":1,"3":1,"4":1,"5":13,"6":13,"7":13,"8":13,"9":13,"10":1,"11":1,"12":1,"13":13,"14":13,"15":13,"16":1,"17":1,"18":0,"19":0,"20":1,"21":17},"branchMap":{"0":{"type":"branch","line":5,"loc":{"start":{"line":5,"column":4},"end":{"line":10,"column":19}},"locations":[{"start":{"line":5,"column":4},"end":{"line":10,"column":19}}]},"1":{"type":"branch","line":13,"loc":{"start":{"line":13,"column":4},"end":{"line":16,"column":5}},"locations":[{"start":{"line":13,"column":4},"end":{"line":16,"column":5}}]},"2":{"type":"branch","line":22,"loc":{"start":{"line":22,"column":0},"end":{"line":22,"column":1}},"locations":[{"start":{"line":22,"column":0},"end":{"line":22,"column":1}}]}},"b":{"0":[13],"1":[13],"2":[17]},"fnMap":{"0":{"name":"<instance_members_initializer>","decl":{"start":{"line":5,"column":4},"end":{"line":10,"column":19}},"loc":{"start":{"line":5,"column":4},"end":{"line":10,"column":19}},"line":5},"1":{"name":"BaseCard","decl":{"start":{"line":13,"column":4},"end":{"line":16,"column":5}},"loc":{"start":{"line":13,"column":4},"end":{"line":16,"column":5}},"line":13},"2":{"name":"action","decl":{"start":{"line":18,"column":4},"end":{"line":20,"column":5}},"loc":{"start":{"line":18,"column":4},"end":{"line":20,"column":5}},"line":18},"3":{"name":"get","decl":{"start":{"line":22,"column":0},"end":{"line":22,"column":1}},"loc":{"start":{"line":22,"column":0},"end":{"line":22,"column":1}},"line":22}},"f":{"0":13,"1":13,"2":0,"3":17}}
,"/Users/timothee/Documents/CODE/COURS/wizzard-battle-iim/front/src/core/base/PrioCard.ts": {"path":"/Users/timothee/Documents/CODE/COURS/wizzard-battle-iim/front/src/core/base/PrioCard.ts","all":false,"statementMap":{"0":{"start":{"line":1,"column":0},"end":{"line":1,"column":36}},"1":{"start":{"line":2,"column":0},"end":{"line":2,"column":29}},"2":{"start":{"line":3,"column":0},"end":{"line":3,"column":37}},"3":{"start":{"line":4,"column":0},"end":{"line":4,"column":0}},"4":{"start":{"line":5,"column":0},"end":{"line":5,"column":40}},"5":{"start":{"line":6,"column":0},"end":{"line":6,"column":21}},"6":{"start":{"line":7,"column":0},"end":{"line":7,"column":0}},"7":{"start":{"line":8,"column":0},"end":{"line":8,"column":69}},"8":{"start":{"line":9,"column":0},"end":{"line":9,"column":41}},"9":{"start":{"line":10,"column":0},"end":{"line":10,"column":5}},"10":{"start":{"line":11,"column":0},"end":{"line":11,"column":1}}},"s":{"0":1,"1":1,"2":1,"3":1,"4":1,"5":1,"6":1,"7":1,"8":0,"9":0,"10":1},"branchMap":{"0":{"type":"branch","line":6,"loc":{"start":{"line":6,"column":4},"end":{"line":6,"column":21}},"locations":[{"start":{"line":6,"column":4},"end":{"line":6,"column":21}}]},"1":{"type":"branch","line":11,"loc":{"start":{"line":11,"column":0},"end":{"line":11,"column":1}},"locations":[{"start":{"line":11,"column":0},"end":{"line":11,"column":1}}]}},"b":{"0":[2],"1":[1]},"fnMap":{"0":{"name":"<instance_members_initializer>","decl":{"start":{"line":6,"column":4},"end":{"line":6,"column":21}},"loc":{"start":{"line":6,"column":4},"end":{"line":6,"column":21}},"line":6},"1":{"name":"action","decl":{"start":{"line":8,"column":4},"end":{"line":10,"column":5}},"loc":{"start":{"line":8,"column":4},"end":{"line":10,"column":5}},"line":8},"2":{"name":"get","decl":{"start":{"line":11,"column":0},"end":{"line":11,"column":1}},"loc":{"start":{"line":11,"column":0},"end":{"line":11,"column":1}},"line":11}},"f":{"0":2,"1":0,"2":1}}
,"/Users/timothee/Documents/CODE/COURS/wizzard-battle-iim/front/src/core/base/index.ts": {"path":"/Users/timothee/Documents/CODE/COURS/wizzard-battle-iim/front/src/core/base/index.ts","all":false,"statementMap":{"0":{"start":{"line":1,"column":0},"end":{"line":1,"column":35}},"1":{"start":{"line":2,"column":0},"end":{"line":2,"column":68}},"2":{"start":{"line":3,"column":0},"end":{"line":3,"column":39}},"3":{"start":{"line":4,"column":0},"end":{"line":4,"column":35}},"4":{"start":{"line":5,"column":0},"end":{"line":5,"column":49}}},"s":{"0":1,"1":1,"2":1,"3":1,"4":1},"branchMap":{"0":{"type":"branch","line":1,"loc":{"start":{"line":1,"column":23},"end":{"line":1,"column":35}},"locations":[{"start":{"line":1,"column":23},"end":{"line":1,"column":35}}]},"1":{"type":"branch","line":3,"loc":{"start":{"line":3,"column":25},"end":{"line":3,"column":39}},"locations":[{"start":{"line":3,"column":25},"end":{"line":3,"column":39}}]},"2":{"type":"branch","line":4,"loc":{"start":{"line":4,"column":23},"end":{"line":4,"column":35}},"locations":[{"start":{"line":4,"column":23},"end":{"line":4,"column":35}}]},"3":{"type":"branch","line":5,"loc":{"start":{"line":5,"column":30},"end":{"line":5,"column":49}},"locations":[{"start":{"line":5,"column":30},"end":{"line":5,"column":49}}]}},"b":{"0":[5],"1":[1],"2":[1],"3":[2]},"fnMap":{"0":{"name":"get","decl":{"start":{"line":1,"column":23},"end":{"line":1,"column":35}},"loc":{"start":{"line":1,"column":23},"end":{"line":1,"column":35}},"line":1},"1":{"name":"get","decl":{"start":{"line":3,"column":25},"end":{"line":3,"column":39}},"loc":{"start":{"line":3,"column":25},"end":{"line":3,"column":39}},"line":3},"2":{"name":"get","decl":{"start":{"line":4,"column":23},"end":{"line":4,"column":35}},"loc":{"start":{"line":4,"column":23},"end":{"line":4,"column":35}},"line":4},"3":{"name":"get","decl":{"start":{"line":5,"column":30},"end":{"line":5,"column":49}},"loc":{"start":{"line":5,"column":30},"end":{"line":5,"column":49}},"line":5}},"f":{"0":5,"1":1,"2":1,"3":2}}
,"/Users/timothee/Documents/CODE/COURS/wizzard-battle-iim/front/src/core/cards/avadaKedavra/AvadaKedavra.ts": {"path":"/Users/timothee/Documents/CODE/COURS/wizzard-battle-iim/front/src/core/cards/avadaKedavra/AvadaKedavra.ts","all":false,"statementMap":{"0":{"start":{"line":1,"column":0},"end":{"line":1,"column":63}},"1":{"start":{"line":2,"column":0},"end":{"line":2,"column":37}},"2":{"start":{"line":3,"column":0},"end":{"line":3,"column":0}},"3":{"start":{"line":4,"column":0},"end":{"line":4,"column":68}},"4":{"start":{"line":5,"column":0},"end":{"line":5,"column":19}},"5":{"start":{"line":6,"column":0},"end":{"line":6,"column":48}},"6":{"start":{"line":7,"column":0},"end":{"line":7,"column":5}},"7":{"start":{"line":8,"column":0},"end":{"line":8,"column":0}},"8":{"start":{"line":9,"column":0},"end":{"line":9,"column":72}},"9":{"start":{"line":10,"column":0},"end":{"line":10,"column":44}},"10":{"start":{"line":11,"column":0},"end":{"line":11,"column":33}},"11":{"start":{"line":12,"column":0},"end":{"line":12,"column":21}},"12":{"start":{"line":13,"column":0},"end":{"line":13,"column":5}},"13":{"start":{"line":14,"column":0},"end":{"line":14,"column":1}}},"s":{"0":1,"1":1,"2":1,"3":1,"4":1,"5":3,"6":3,"7":1,"8":1,"9":2,"10":1,"11":1,"12":2,"13":3},"branchMap":{"0":{"type":"branch","line":5,"loc":{"start":{"line":5,"column":4},"end":{"line":7,"column":5}},"locations":[{"start":{"line":5,"column":4},"end":{"line":7,"column":5}}]},"1":{"type":"branch","line":9,"loc":{"start":{"line":9,"column":4},"end":{"line":13,"column":5}},"locations":[{"start":{"line":9,"column":4},"end":{"line":13,"column":5}}]},"2":{"type":"branch","line":10,"loc":{"start":{"line":10,"column":33},"end":{"line":12,"column":21}},"locations":[{"start":{"line":10,"column":33},"end":{"line":12,"column":21}}]},"3":{"type":"branch","line":14,"loc":{"start":{"line":14,"column":0},"end":{"line":14,"column":1}},"locations":[{"start":{"line":14,"column":0},"end":{"line":14,"column":1}}]}},"b":{"0":[3],"1":[2],"2":[1],"3":[3]},"fnMap":{"0":{"name":"AvadaKedavra","decl":{"start":{"line":5,"column":4},"end":{"line":7,"column":5}},"loc":{"start":{"line":5,"column":4},"end":{"line":7,"column":5}},"line":5},"1":{"name":"action","decl":{"start":{"line":9,"column":4},"end":{"line":13,"column":5}},"loc":{"start":{"line":9,"column":4},"end":{"line":13,"column":5}},"line":9},"2":{"name":"get","decl":{"start":{"line":14,"column":0},"end":{"line":14,"column":1}},"loc":{"start":{"line":14,"column":0},"end":{"line":14,"column":1}},"line":14}},"f":{"0":3,"1":2,"2":3}}
,"/Users/timothee/Documents/CODE/COURS/wizzard-battle-iim/front/src/core/cards/avadaKedavra/index.ts": {"path":"/Users/timothee/Documents/CODE/COURS/wizzard-battle-iim/front/src/core/cards/avadaKedavra/index.ts","all":false,"statementMap":{"0":{"start":{"line":1,"column":0},"end":{"line":1,"column":43}}},"s":{"0":1},"branchMap":{"0":{"type":"branch","line":1,"loc":{"start":{"line":1,"column":27},"end":{"line":1,"column":43}},"locations":[{"start":{"line":1,"column":27},"end":{"line":1,"column":43}}]}},"b":{"0":[1]},"fnMap":{"0":{"name":"get","decl":{"start":{"line":1,"column":27},"end":{"line":1,"column":43}},"loc":{"start":{"line":1,"column":27},"end":{"line":1,"column":43}},"line":1}},"f":{"0":1}}
,"/Users/timothee/Documents/CODE/COURS/wizzard-battle-iim/front/src/core/cards/endoloris/Endoloris.ts": {"path":"/Users/timothee/Documents/CODE/COURS/wizzard-battle-iim/front/src/core/cards/endoloris/Endoloris.ts","all":false,"statementMap":{"0":{"start":{"line":1,"column":0},"end":{"line":1,"column":51}},"1":{"start":{"line":2,"column":0},"end":{"line":2,"column":37}},"2":{"start":{"line":3,"column":0},"end":{"line":3,"column":81}},"3":{"start":{"line":4,"column":0},"end":{"line":4,"column":0}},"4":{"start":{"line":5,"column":0},"end":{"line":5,"column":65}},"5":{"start":{"line":6,"column":0},"end":{"line":6,"column":16}},"6":{"start":{"line":7,"column":0},"end":{"line":7,"column":19}},"7":{"start":{"line":8,"column":0},"end":{"line":8,"column":40}},"8":{"start":{"line":9,"column":0},"end":{"line":9,"column":5}},"9":{"start":{"line":10,"column":0},"end":{"line":10,"column":0}},"10":{"start":{"line":11,"column":0},"end":{"line":11,"column":72}},"11":{"start":{"line":12,"column":0},"end":{"line":12,"column":40}},"12":{"start":{"line":13,"column":0},"end":{"line":13,"column":59}},"13":{"start":{"line":14,"column":0},"end":{"line":14,"column":19}},"14":{"start":{"line":15,"column":0},"end":{"line":15,"column":5}},"15":{"start":{"line":16,"column":0},"end":{"line":16,"column":1}}},"s":{"0":1,"1":1,"2":1,"3":1,"4":1,"5":1,"6":1,"7":3,"8":3,"9":1,"10":1,"11":3,"12":3,"13":3,"14":3,"15":3},"branchMap":{"0":{"type":"branch","line":6,"loc":{"start":{"line":6,"column":4},"end":{"line":6,"column":16}},"locations":[{"start":{"line":6,"column":4},"end":{"line":6,"column":16}}]},"1":{"type":"branch","line":7,"loc":{"start":{"line":7,"column":4},"end":{"line":9,"column":5}},"locations":[{"start":{"line":7,"column":4},"end":{"line":9,"column":5}}]},"2":{"type":"branch","line":11,"loc":{"start":{"line":11,"column":4},"end":{"line":15,"column":5}},"locations":[{"start":{"line":11,"column":4},"end":{"line":15,"column":5}}]},"3":{"type":"branch","line":16,"loc":{"start":{"line":16,"column":0},"end":{"line":16,"column":1}},"locations":[{"start":{"line":16,"column":0},"end":{"line":16,"column":1}}]}},"b":{"0":[3],"1":[3],"2":[3],"3":[3]},"fnMap":{"0":{"name":"<instance_members_initializer>","decl":{"start":{"line":6,"column":4},"end":{"line":6,"column":16}},"loc":{"start":{"line":6,"column":4},"end":{"line":6,"column":16}},"line":6},"1":{"name":"Endoloris","decl":{"start":{"line":7,"column":4},"end":{"line":9,"column":5}},"loc":{"start":{"line":7,"column":4},"end":{"line":9,"column":5}},"line":7},"2":{"name":"action","decl":{"start":{"line":11,"column":4},"end":{"line":15,"column":5}},"loc":{"start":{"line":11,"column":4},"end":{"line":15,"column":5}},"line":11},"3":{"name":"get","decl":{"start":{"line":16,"column":0},"end":{"line":16,"column":1}},"loc":{"start":{"line":16,"column":0},"end":{"line":16,"column":1}},"line":16}},"f":{"0":3,"1":3,"2":3,"3":3}}
,"/Users/timothee/Documents/CODE/COURS/wizzard-battle-iim/front/src/core/cards/endoloris/EndolorisAsyncAction.ts": {"path":"/Users/timothee/Documents/CODE/COURS/wizzard-battle-iim/front/src/core/cards/endoloris/EndolorisAsyncAction.ts","all":false,"statementMap":{"0":{"start":{"line":1,"column":0},"end":{"line":1,"column":65}},"1":{"start":{"line":2,"column":0},"end":{"line":2,"column":37}},"2":{"start":{"line":3,"column":0},"end":{"line":3,"column":0}},"3":{"start":{"line":4,"column":0},"end":{"line":4,"column":90}},"4":{"start":{"line":5,"column":0},"end":{"line":5,"column":15}},"5":{"start":{"line":6,"column":0},"end":{"line":6,"column":0}},"6":{"start":{"line":7,"column":0},"end":{"line":7,"column":19}},"7":{"start":{"line":8,"column":0},"end":{"line":8,"column":19}},"8":{"start":{"line":9,"column":0},"end":{"line":9,"column":0}},"9":{"start":{"line":10,"column":0},"end":{"line":10,"column":5}},"10":{"start":{"line":11,"column":0},"end":{"line":11,"column":0}},"11":{"start":{"line":12,"column":0},"end":{"line":12,"column":68}},"12":{"start":{"line":13,"column":0},"end":{"line":13,"column":41}},"13":{"start":{"line":14,"column":0},"end":{"line":14,"column":19}},"14":{"start":{"line":15,"column":0},"end":{"line":15,"column":5}},"15":{"start":{"line":16,"column":0},"end":{"line":16,"column":1}}},"s":{"0":1,"1":1,"2":1,"3":1,"4":1,"5":1,"6":1,"7":3,"8":3,"9":3,"10":1,"11":1,"12":3,"13":3,"14":3,"15":4},"branchMap":{"0":{"type":"branch","line":5,"loc":{"start":{"line":5,"column":4},"end":{"line":5,"column":15}},"locations":[{"start":{"line":5,"column":4},"end":{"line":5,"column":15}}]},"1":{"type":"branch","line":7,"loc":{"start":{"line":7,"column":4},"end":{"line":10,"column":5}},"locations":[{"start":{"line":7,"column":4},"end":{"line":10,"column":5}}]},"2":{"type":"branch","line":12,"loc":{"start":{"line":12,"column":4},"end":{"line":15,"column":5}},"locations":[{"start":{"line":12,"column":4},"end":{"line":15,"column":5}}]},"3":{"type":"branch","line":16,"loc":{"start":{"line":16,"column":0},"end":{"line":16,"column":1}},"locations":[{"start":{"line":16,"column":0},"end":{"line":16,"column":1}}]}},"b":{"0":[3],"1":[3],"2":[3],"3":[4]},"fnMap":{"0":{"name":"<instance_members_initializer>","decl":{"start":{"line":5,"column":4},"end":{"line":5,"column":15}},"loc":{"start":{"line":5,"column":4},"end":{"line":5,"column":15}},"line":5},"1":{"name":"EndolorisAsyncAction","decl":{"start":{"line":7,"column":4},"end":{"line":10,"column":5}},"loc":{"start":{"line":7,"column":4},"end":{"line":10,"column":5}},"line":7},"2":{"name":"action","decl":{"start":{"line":12,"column":4},"end":{"line":15,"column":5}},"loc":{"start":{"line":12,"column":4},"end":{"line":15,"column":5}},"line":12},"3":{"name":"get","decl":{"start":{"line":16,"column":0},"end":{"line":16,"column":1}},"loc":{"start":{"line":16,"column":0},"end":{"line":16,"column":1}},"line":16}},"f":{"0":3,"1":3,"2":3,"3":4}}
,"/Users/timothee/Documents/CODE/COURS/wizzard-battle-iim/front/src/core/cards/exampleCard/ExampleCard.ts": {"path":"/Users/timothee/Documents/CODE/COURS/wizzard-battle-iim/front/src/core/cards/exampleCard/ExampleCard.ts","all":false,"statementMap":{"0":{"start":{"line":1,"column":0},"end":{"line":1,"column":51}},"1":{"start":{"line":2,"column":0},"end":{"line":2,"column":37}},"2":{"start":{"line":3,"column":0},"end":{"line":3,"column":0}},"3":{"start":{"line":4,"column":0},"end":{"line":4,"column":67}},"4":{"start":{"line":5,"column":0},"end":{"line":5,"column":19}},"5":{"start":{"line":6,"column":0},"end":{"line":6,"column":36}},"6":{"start":{"line":7,"column":0},"end":{"line":7,"column":5}},"7":{"start":{"line":8,"column":0},"end":{"line":8,"column":0}},"8":{"start":{"line":9,"column":0},"end":{"line":9,"column":72}},"9":{"start":{"line":10,"column":0},"end":{"line":10,"column":20}},"10":{"start":{"line":11,"column":0},"end":{"line":11,"column":5}},"11":{"start":{"line":12,"column":0},"end":{"line":12,"column":1}}},"s":{"0":1,"1":1,"2":1,"3":1,"4":1,"5":1,"6":1,"7":1,"8":1,"9":1,"10":1,"11":1},"branchMap":{"0":{"type":"branch","line":5,"loc":{"start":{"line":5,"column":4},"end":{"line":7,"column":5}},"locations":[{"start":{"line":5,"column":4},"end":{"line":7,"column":5}}]},"1":{"type":"branch","line":9,"loc":{"start":{"line":9,"column":4},"end":{"line":11,"column":5}},"locations":[{"start":{"line":9,"column":4},"end":{"line":11,"column":5}}]},"2":{"type":"branch","line":12,"loc":{"start":{"line":12,"column":0},"end":{"line":12,"column":1}},"locations":[{"start":{"line":12,"column":0},"end":{"line":12,"column":1}}]}},"b":{"0":[1],"1":[1],"2":[1]},"fnMap":{"0":{"name":"ExampleCard","decl":{"start":{"line":5,"column":4},"end":{"line":7,"column":5}},"loc":{"start":{"line":5,"column":4},"end":{"line":7,"column":5}},"line":5},"1":{"name":"action","decl":{"start":{"line":9,"column":4},"end":{"line":11,"column":5}},"loc":{"start":{"line":9,"column":4},"end":{"line":11,"column":5}},"line":9},"2":{"name":"get","decl":{"start":{"line":12,"column":0},"end":{"line":12,"column":1}},"loc":{"start":{"line":12,"column":0},"end":{"line":12,"column":1}},"line":12}},"f":{"0":1,"1":1,"2":1}}
,"/Users/timothee/Documents/CODE/COURS/wizzard-battle-iim/front/src/core/cards/expelliarmus/Expelliarmus.ts": {"path":"/Users/timothee/Documents/CODE/COURS/wizzard-battle-iim/front/src/core/cards/expelliarmus/Expelliarmus.ts","all":false,"statementMap":{"0":{"start":{"line":1,"column":0},"end":{"line":1,"column":51}},"1":{"start":{"line":2,"column":0},"end":{"line":2,"column":37}},"2":{"start":{"line":3,"column":0},"end":{"line":3,"column":90}},"3":{"start":{"line":4,"column":0},"end":{"line":4,"column":0}},"4":{"start":{"line":5,"column":0},"end":{"line":5,"column":68}},"5":{"start":{"line":6,"column":0},"end":{"line":6,"column":19}},"6":{"start":{"line":7,"column":0},"end":{"line":7,"column":46}},"7":{"start":{"line":8,"column":0},"end":{"line":8,"column":5}},"8":{"start":{"line":9,"column":0},"end":{"line":9,"column":0}},"9":{"start":{"line":10,"column":0},"end":{"line":10,"column":70}},"10":{"start":{"line":11,"column":0},"end":{"line":11,"column":58}},"11":{"start":{"line":12,"column":0},"end":{"line":12,"column":44}},"12":{"start":{"line":13,"column":0},"end":{"line":13,"column":20}},"13":{"start":{"line":14,"column":0},"end":{"line":14,"column":5}},"14":{"start":{"line":15,"column":0},"end":{"line":15,"column":1}}},"s":{"0":1,"1":1,"2":1,"3":1,"4":1,"5":1,"6":3,"7":3,"8":1,"9":1,"10":3,"11":3,"12":3,"13":3,"14":3},"branchMap":{"0":{"type":"branch","line":6,"loc":{"start":{"line":6,"column":4},"end":{"line":8,"column":5}},"locations":[{"start":{"line":6,"column":4},"end":{"line":8,"column":5}}]},"1":{"type":"branch","line":10,"loc":{"start":{"line":10,"column":4},"end":{"line":14,"column":5}},"locations":[{"start":{"line":10,"column":4},"end":{"line":14,"column":5}}]},"2":{"type":"branch","line":15,"loc":{"start":{"line":15,"column":0},"end":{"line":15,"column":1}},"locations":[{"start":{"line":15,"column":0},"end":{"line":15,"column":1}}]}},"b":{"0":[3],"1":[3],"2":[3]},"fnMap":{"0":{"name":"Expelliarmus","decl":{"start":{"line":6,"column":4},"end":{"line":8,"column":5}},"loc":{"start":{"line":6,"column":4},"end":{"line":8,"column":5}},"line":6},"1":{"name":"action","decl":{"start":{"line":10,"column":4},"end":{"line":14,"column":5}},"loc":{"start":{"line":10,"column":4},"end":{"line":14,"column":5}},"line":10},"2":{"name":"get","decl":{"start":{"line":15,"column":0},"end":{"line":15,"column":1}},"loc":{"start":{"line":15,"column":0},"end":{"line":15,"column":1}},"line":15}},"f":{"0":3,"1":3,"2":3}}
,"/Users/timothee/Documents/CODE/COURS/wizzard-battle-iim/front/src/core/cards/expelliarmus/ExpelliarmusAsyncAction.ts": {"path":"/Users/timothee/Documents/CODE/COURS/wizzard-battle-iim/front/src/core/cards/expelliarmus/ExpelliarmusAsyncAction.ts","all":false,"statementMap":{"0":{"start":{"line":1,"column":0},"end":{"line":1,"column":65}},"1":{"start":{"line":2,"column":0},"end":{"line":2,"column":0}},"2":{"start":{"line":3,"column":0},"end":{"line":3,"column":93}},"3":{"start":{"line":4,"column":0},"end":{"line":4,"column":19}},"4":{"start":{"line":5,"column":0},"end":{"line":5,"column":17}},"5":{"start":{"line":6,"column":0},"end":{"line":6,"column":5}},"6":{"start":{"line":7,"column":0},"end":{"line":7,"column":0}},"7":{"start":{"line":8,"column":0},"end":{"line":8,"column":38}},"8":{"start":{"line":9,"column":0},"end":{"line":9,"column":21}},"9":{"start":{"line":10,"column":0},"end":{"line":10,"column":5}},"10":{"start":{"line":11,"column":0},"end":{"line":11,"column":1}}},"s":{"0":1,"1":1,"2":1,"3":1,"4":3,"5":3,"6":1,"7":1,"8":1,"9":1,"10":3},"branchMap":{"0":{"type":"branch","line":4,"loc":{"start":{"line":4,"column":4},"end":{"line":6,"column":5}},"locations":[{"start":{"line":4,"column":4},"end":{"line":6,"column":5}}]},"1":{"type":"branch","line":8,"loc":{"start":{"line":8,"column":4},"end":{"line":10,"column":5}},"locations":[{"start":{"line":8,"column":4},"end":{"line":10,"column":5}}]},"2":{"type":"branch","line":11,"loc":{"start":{"line":11,"column":0},"end":{"line":11,"column":1}},"locations":[{"start":{"line":11,"column":0},"end":{"line":11,"column":1}}]}},"b":{"0":[3],"1":[1],"2":[3]},"fnMap":{"0":{"name":"ExpelliarmusAsyncAction","decl":{"start":{"line":4,"column":4},"end":{"line":6,"column":5}},"loc":{"start":{"line":4,"column":4},"end":{"line":6,"column":5}},"line":4},"1":{"name":"action","decl":{"start":{"line":8,"column":4},"end":{"line":10,"column":5}},"loc":{"start":{"line":8,"column":4},"end":{"line":10,"column":5}},"line":8},"2":{"name":"get","decl":{"start":{"line":11,"column":0},"end":{"line":11,"column":1}},"loc":{"start":{"line":11,"column":0},"end":{"line":11,"column":1}},"line":11}},"f":{"0":3,"1":1,"2":3}}
,"/Users/timothee/Documents/CODE/COURS/wizzard-battle-iim/front/src/core/cards/incendio/Incendio.ts": {"path":"/Users/timothee/Documents/CODE/COURS/wizzard-battle-iim/front/src/core/cards/incendio/Incendio.ts","all":false,"statementMap":{"0":{"start":{"line":1,"column":0},"end":{"line":1,"column":39}},"1":{"start":{"line":2,"column":0},"end":{"line":2,"column":0}},"2":{"start":{"line":3,"column":0},"end":{"line":3,"column":42}},"3":{"start":{"line":4,"column":0},"end":{"line":4,"column":19}},"4":{"start":{"line":5,"column":0},"end":{"line":5,"column":42}},"5":{"start":{"line":6,"column":0},"end":{"line":6,"column":5}},"6":{"start":{"line":7,"column":0},"end":{"line":7,"column":1}}},"s":{"0":1,"1":1,"2":1,"3":1,"4":1,"5":1,"6":1},"branchMap":{"0":{"type":"branch","line":4,"loc":{"start":{"line":4,"column":4},"end":{"line":6,"column":5}},"locations":[{"start":{"line":4,"column":4},"end":{"line":6,"column":5}}]},"1":{"type":"branch","line":7,"loc":{"start":{"line":7,"column":0},"end":{"line":7,"column":1}},"locations":[{"start":{"line":7,"column":0},"end":{"line":7,"column":1}}]}},"b":{"0":[1],"1":[1]},"fnMap":{"0":{"name":"Incendio","decl":{"start":{"line":4,"column":4},"end":{"line":6,"column":5}},"loc":{"start":{"line":4,"column":4},"end":{"line":6,"column":5}},"line":4},"1":{"name":"get","decl":{"start":{"line":7,"column":0},"end":{"line":7,"column":1}},"loc":{"start":{"line":7,"column":0},"end":{"line":7,"column":1}},"line":7}},"f":{"0":1,"1":1}}
,"/Users/timothee/Documents/CODE/COURS/wizzard-battle-iim/front/src/core/cards/protego/Protego.ts": {"path":"/Users/timothee/Documents/CODE/COURS/wizzard-battle-iim/front/src/core/cards/protego/Protego.ts","all":false,"statementMap":{"0":{"start":{"line":1,"column":0},"end":{"line":1,"column":37}},"1":{"start":{"line":2,"column":0},"end":{"line":2,"column":37}},"2":{"start":{"line":3,"column":0},"end":{"line":3,"column":0}},"3":{"start":{"line":4,"column":0},"end":{"line":4,"column":40}},"4":{"start":{"line":5,"column":0},"end":{"line":5,"column":97}},"5":{"start":{"line":6,"column":0},"end":{"line":6,"column":61}},"6":{"start":{"line":7,"column":0},"end":{"line":7,"column":0}},"7":{"start":{"line":8,"column":0},"end":{"line":8,"column":5}},"8":{"start":{"line":9,"column":0},"end":{"line":9,"column":1}}},"s":{"0":1,"1":1,"2":1,"3":1,"4":1,"5":2,"6":2,"7":2,"8":2},"branchMap":{"0":{"type":"branch","line":5,"loc":{"start":{"line":5,"column":4},"end":{"line":8,"column":5}},"locations":[{"start":{"line":5,"column":4},"end":{"line":8,"column":5}}]},"1":{"type":"branch","line":6,"loc":{"start":{"line":6,"column":24},"end":{"line":6,"column":45}},"locations":[{"start":{"line":6,"column":24},"end":{"line":6,"column":45}}]},"2":{"type":"branch","line":9,"loc":{"start":{"line":9,"column":0},"end":{"line":9,"column":1}},"locations":[{"start":{"line":9,"column":0},"end":{"line":9,"column":1}}]}},"b":{"0":[2],"1":[1],"2":[2]},"fnMap":{"0":{"name":"action","decl":{"start":{"line":5,"column":4},"end":{"line":8,"column":5}},"loc":{"start":{"line":5,"column":4},"end":{"line":8,"column":5}},"line":5},"1":{"name":"get","decl":{"start":{"line":9,"column":0},"end":{"line":9,"column":1}},"loc":{"start":{"line":9,"column":0},"end":{"line":9,"column":1}},"line":9}},"f":{"0":2,"1":2}}
,"/Users/timothee/Documents/CODE/COURS/wizzard-battle-iim/front/src/core/wizard/Wizard.ts": {"path":"/Users/timothee/Documents/CODE/COURS/wizzard-battle-iim/front/src/core/wizard/Wizard.ts","all":false,"statementMap":{"0":{"start":{"line":1,"column":0},"end":{"line":1,"column":50}},"1":{"start":{"line":2,"column":0},"end":{"line":2,"column":79}},"2":{"start":{"line":3,"column":0},"end":{"line":3,"column":0}},"3":{"start":{"line":4,"column":0},"end":{"line":4,"column":47}},"4":{"start":{"line":5,"column":0},"end":{"line":5,"column":16}},"5":{"start":{"line":6,"column":0},"end":{"line":6,"column":31}},"6":{"start":{"line":7,"column":0},"end":{"line":7,"column":31}},"7":{"start":{"line":8,"column":0},"end":{"line":8,"column":30}},"8":{"start":{"line":9,"column":0},"end":{"line":9,"column":38}},"9":{"start":{"line":10,"column":0},"end":{"line":10,"column":44}},"10":{"start":{"line":11,"column":0},"end":{"line":11,"column":25}},"11":{"start":{"line":12,"column":0},"end":{"line":12,"column":0}},"12":{"start":{"line":13,"column":0},"end":{"line":13,"column":31}},"13":{"start":{"line":14,"column":0},"end":{"line":14,"column":24}},"14":{"start":{"line":15,"column":0},"end":{"line":15,"column":5}},"15":{"start":{"line":16,"column":0},"end":{"line":16,"column":0}},"16":{"start":{"line":17,"column":0},"end":{"line":17,"column":32}},"17":{"start":{"line":18,"column":0},"end":{"line":18,"column":30}},"18":{"start":{"line":19,"column":0},"end":{"line":19,"column":5}},"19":{"start":{"line":20,"column":0},"end":{"line":20,"column":0}},"20":{"start":{"line":21,"column":0},"end":{"line":21,"column":50}},"21":{"start":{"line":22,"column":0},"end":{"line":22,"column":41}},"22":{"start":{"line":23,"column":0},"end":{"line":23,"column":5}},"23":{"start":{"line":24,"column":0},"end":{"line":24,"column":0}},"24":{"start":{"line":25,"column":0},"end":{"line":25,"column":48}},"25":{"start":{"line":26,"column":0},"end":{"line":26,"column":70}},"26":{"start":{"line":27,"column":0},"end":{"line":27,"column":65}},"27":{"start":{"line":28,"column":0},"end":{"line":28,"column":34}},"28":{"start":{"line":29,"column":0},"end":{"line":29,"column":51}},"29":{"start":{"line":30,"column":0},"end":{"line":30,"column":88}},"30":{"start":{"line":31,"column":0},"end":{"line":31,"column":13}},"31":{"start":{"line":32,"column":0},"end":{"line":32,"column":10}},"32":{"start":{"line":33,"column":0},"end":{"line":33,"column":40}},"33":{"start":{"line":34,"column":0},"end":{"line":34,"column":5}},"34":{"start":{"line":35,"column":0},"end":{"line":35,"column":1}}},"s":{"0":1,"1":1,"2":1,"3":1,"4":1,"5":17,"6":17,"7":17,"8":17,"9":17,"10":17,"11":1,"12":1,"13":17,"14":17,"15":1,"16":1,"17":8,"18":8,"19":1,"20":1,"21":6,"22":6,"23":1,"24":1,"25":4,"26":3,"27":3,"28":3,"29":1,"30":1,"31":4,"32":4,"33":4,"34":17},"branchMap":{"0":{"type":"branch","line":5,"loc":{"start":{"line":5,"column":4},"end":{"line":11,"column":25}},"locations":[{"start":{"line":5,"column":4},"end":{"line":11,"column":25}}]},"1":{"type":"branch","line":13,"loc":{"start":{"line":13,"column":4},"end":{"line":15,"column":5}},"locations":[{"start":{"line":13,"column":4},"end":{"line":15,"column":5}}]},"2":{"type":"branch","line":17,"loc":{"start":{"line":17,"column":4},"end":{"line":19,"column":5}},"locations":[{"start":{"line":17,"column":4},"end":{"line":19,"column":5}}]},"3":{"type":"branch","line":21,"loc":{"start":{"line":21,"column":4},"end":{"line":23,"column":5}},"locations":[{"start":{"line":21,"column":4},"end":{"line":23,"column":5}}]},"4":{"type":"branch","line":25,"loc":{"start":{"line":25,"column":4},"end":{"line":34,"column":5}},"locations":[{"start":{"line":25,"column":4},"end":{"line":34,"column":5}}]},"5":{"type":"branch","line":26,"loc":{"start":{"line":26,"column":48},"end":{"line":32,"column":9}},"locations":[{"start":{"line":26,"column":48},"end":{"line":32,"column":9}}]},"6":{"type":"branch","line":29,"loc":{"start":{"line":29,"column":50},"end":{"line":31,"column":13}},"locations":[{"start":{"line":29,"column":50},"end":{"line":31,"column":13}}]},"7":{"type":"branch","line":30,"loc":{"start":{"line":30,"column":55},"end":{"line":30,"column":87}},"locations":[{"start":{"line":30,"column":55},"end":{"line":30,"column":87}}]},"8":{"type":"branch","line":35,"loc":{"start":{"line":35,"column":0},"end":{"line":35,"column":1}},"locations":[{"start":{"line":35,"column":0},"end":{"line":35,"column":1}}]}},"b":{"0":[17],"1":[17],"2":[8],"3":[6],"4":[4],"5":[3],"6":[1],"7":[1],"8":[17]},"fnMap":{"0":{"name":"<instance_members_initializer>","decl":{"start":{"line":5,"column":4},"end":{"line":11,"column":25}},"loc":{"start":{"line":5,"column":4},"end":{"line":11,"column":25}},"line":5},"1":{"name":"Wizard","decl":{"start":{"line":13,"column":4},"end":{"line":15,"column":5}},"loc":{"start":{"line":13,"column":4},"end":{"line":15,"column":5}},"line":13},"2":{"name":"takeDamage","decl":{"start":{"line":17,"column":4},"end":{"line":19,"column":5}},"loc":{"start":{"line":17,"column":4},"end":{"line":19,"column":5}},"line":17},"3":{"name":"addAsyncAction","decl":{"start":{"line":21,"column":4},"end":{"line":23,"column":5}},"loc":{"start":{"line":21,"column":4},"end":{"line":23,"column":5}},"line":21},"4":{"name":"executeAsyncAction","decl":{"start":{"line":25,"column":4},"end":{"line":34,"column":5}},"loc":{"start":{"line":25,"column":4},"end":{"line":34,"column":5}},"line":25},"5":{"name":"get","decl":{"start":{"line":35,"column":0},"end":{"line":35,"column":1}},"loc":{"start":{"line":35,"column":0},"end":{"line":35,"column":1}},"line":35}},"f":{"0":17,"1":17,"2":8,"3":6,"4":4,"5":17}}
,"/Users/timothee/Documents/CODE/COURS/wizzard-battle-iim/front/src/core/wizard/index.ts": {"path":"/Users/timothee/Documents/CODE/COURS/wizzard-battle-iim/front/src/core/wizard/index.ts","all":false,"statementMap":{"0":{"start":{"line":1,"column":0},"end":{"line":1,"column":32}}},"s":{"0":1},"branchMap":{"0":{"type":"branch","line":1,"loc":{"start":{"line":1,"column":21},"end":{"line":1,"column":32}},"locations":[{"start":{"line":1,"column":21},"end":{"line":1,"column":32}}]}},"b":{"0":[4]},"fnMap":{"0":{"name":"get","decl":{"start":{"line":1,"column":21},"end":{"line":1,"column":32}},"loc":{"start":{"line":1,"column":21},"end":{"line":1,"column":32}},"line":1}},"f":{"0":4}}
}
